<?xml version="1.0" encoding="UTF-8"?>
<testng-results ignored="0" total="1" passed="1" failed="0" skipped="0">
  <reporter-output>
  </reporter-output>
  <suite started-at="2021-10-23T15:29:37 IST" name="Default suite" finished-at="2021-10-23T15:30:36 IST" duration-ms="59212">
    <groups>
    </groups>
    <test started-at="2021-10-23T15:29:37 IST" name="Default test" finished-at="2021-10-23T15:30:36 IST" duration-ms="59212">
      <class name="auto.test.WebstaurantTest">
        <test-method is-config="true" signature="loadurl()[pri:0, instance:auto.test.WebstaurantTest@1329eff]" started-at="2021-10-23T15:29:37 IST" name="loadurl" finished-at="2021-10-23T15:29:47 IST" duration-ms="10370" status="PASS">
          <reporter-output>
          </reporter-output>
        </test-method> <!-- loadurl -->
        <test-method signature="webstaurantStore()[pri:0, instance:auto.test.WebstaurantTest@1329eff]" started-at="2021-10-23T15:29:47 IST" name="webstaurantStore" finished-at="2021-10-23T15:30:35 IST" duration-ms="48369" status="PASS">
          <reporter-output>
          </reporter-output>
        </test-method> <!-- webstaurantStore -->
        <test-method is-config="true" signature="close()[pri:0, instance:auto.test.WebstaurantTest@1329eff]" started-at="2021-10-23T15:30:35 IST" name="close" finished-at="2021-10-23T15:30:36 IST" duration-ms="425" status="PASS">
          <reporter-output>
          </reporter-output>
        </test-method> <!-- close -->
      </class> <!-- auto.test.WebstaurantTest -->
    </test> <!-- Default test -->
  </suite> <!-- Default suite -->
</testng-results>
